mode: set
github.com/drerr0r/url-shortner/internal/handlers/url_handler.go:25.77,30.2 1 1
github.com/drerr0r/url-shortner/internal/handlers/url_handler.go:43.53,47.47 2 1
github.com/drerr0r/url-shortner/internal/handlers/url_handler.go:47.47,50.3 2 1
github.com/drerr0r/url-shortner/internal/handlers/url_handler.go:53.2,53.56 1 1
github.com/drerr0r/url-shortner/internal/handlers/url_handler.go:53.56,56.3 2 0
github.com/drerr0r/url-shortner/internal/handlers/url_handler.go:59.2,60.16 2 1
github.com/drerr0r/url-shortner/internal/handlers/url_handler.go:60.16,63.3 2 0
github.com/drerr0r/url-shortner/internal/handlers/url_handler.go:66.2,73.54 3 1
github.com/drerr0r/url-shortner/internal/handlers/url_handler.go:73.54,76.3 2 0
github.com/drerr0r/url-shortner/internal/handlers/url_handler.go:79.2,84.38 2 1
github.com/drerr0r/url-shortner/internal/handlers/url_handler.go:97.60,103.16 4 1
github.com/drerr0r/url-shortner/internal/handlers/url_handler.go:103.16,104.33 1 1
github.com/drerr0r/url-shortner/internal/handlers/url_handler.go:104.33,107.4 2 1
github.com/drerr0r/url-shortner/internal/handlers/url_handler.go:108.3,109.9 2 0
github.com/drerr0r/url-shortner/internal/handlers/url_handler.go:113.2,113.67 1 1
github.com/drerr0r/url-shortner/internal/handlers/url_handler.go:113.68,116.3 0 0
github.com/drerr0r/url-shortner/internal/handlers/url_handler.go:119.2,119.47 1 1
github.com/drerr0r/url-shortner/internal/handlers/url_handler.go:132.50,137.16 4 1
github.com/drerr0r/url-shortner/internal/handlers/url_handler.go:137.16,138.33 1 1
github.com/drerr0r/url-shortner/internal/handlers/url_handler.go:138.33,141.4 2 1
github.com/drerr0r/url-shortner/internal/handlers/url_handler.go:142.3,143.9 2 0
github.com/drerr0r/url-shortner/internal/handlers/url_handler.go:145.2,145.30 1 1
github.com/drerr0r/url-shortner/cmd/server/main.go:22.13,39.16 4 0
github.com/drerr0r/url-shortner/cmd/server/main.go:39.16,41.3 1 0
github.com/drerr0r/url-shortner/cmd/server/main.go:42.2,56.2 7 0
github.com/drerr0r/url-shortner/cmd/server/main.go:56.2,59.3 2 0
github.com/drerr0r/url-shortner/cmd/server/main.go:62.2,65.45 2 0
github.com/drerr0r/url-shortner/cmd/server/main.go:65.45,67.3 1 0
github.com/drerr0r/url-shortner/cmd/server/main.go:70.2,78.12 2 0
github.com/drerr0r/url-shortner/cmd/server/main.go:78.12,80.80 2 0
github.com/drerr0r/url-shortner/cmd/server/main.go:80.80,82.4 1 0
github.com/drerr0r/url-shortner/cmd/server/main.go:86.2,95.45 7 0
github.com/drerr0r/url-shortner/cmd/server/main.go:95.45,97.3 1 0
github.com/drerr0r/url-shortner/cmd/server/main.go:99.2,99.30 1 0
github.com/drerr0r/url-shortner/internal/config/config.go:37.21,63.2 17 0
github.com/drerr0r/url-shortner/internal/config/config.go:66.46,67.42 1 0
github.com/drerr0r/url-shortner/internal/config/config.go:67.42,69.3 1 0
github.com/drerr0r/url-shortner/internal/config/config.go:70.2,70.21 1 0
github.com/drerr0r/url-shortner/internal/config/config.go:73.50,74.42 1 0
github.com/drerr0r/url-shortner/internal/config/config.go:74.42,75.55 1 0
github.com/drerr0r/url-shortner/internal/config/config.go:75.55,77.4 1 0
github.com/drerr0r/url-shortner/internal/config/config.go:79.2,79.21 1 0
github.com/drerr0r/url-shortner/internal/config/config.go:82.75,83.42 1 0
github.com/drerr0r/url-shortner/internal/config/config.go:83.42,84.61 1 0
github.com/drerr0r/url-shortner/internal/config/config.go:84.61,86.4 1 0
github.com/drerr0r/url-shortner/internal/config/config.go:88.2,88.21 1 0
github.com/drerr0r/url-shortner/internal/middleware/logging.go:15.42,16.30 1 0
github.com/drerr0r/url-shortner/internal/middleware/logging.go:16.30,34.3 4 0
github.com/drerr0r/url-shortner/internal/middleware/recovery.go:14.43,15.30 1 0
github.com/drerr0r/url-shortner/internal/middleware/recovery.go:15.30,16.16 1 0
github.com/drerr0r/url-shortner/internal/middleware/recovery.go:16.16,17.36 1 0
github.com/drerr0r/url-shortner/internal/middleware/recovery.go:17.36,31.5 3 0
github.com/drerr0r/url-shortner/internal/middleware/recovery.go:35.3,35.11 1 0
github.com/drerr0r/url-shortner/internal/utils/strings.go:14.55,15.17 1 1
github.com/drerr0r/url-shortner/internal/utils/strings.go:15.17,17.3 1 1
github.com/drerr0r/url-shortner/internal/utils/strings.go:19.2,22.30 3 1
github.com/drerr0r/url-shortner/internal/utils/strings.go:22.30,25.17 2 1
github.com/drerr0r/url-shortner/internal/utils/strings.go:25.17,27.4 1 0
github.com/drerr0r/url-shortner/internal/utils/strings.go:28.3,28.35 1 1
github.com/drerr0r/url-shortner/internal/utils/strings.go:30.2,30.28 1 1
github.com/drerr0r/url-shortner/internal/storage/mock_storage.go:21.36,25.2 1 1
github.com/drerr0r/url-shortner/internal/storage/mock_storage.go:29.77,32.48 1 1
github.com/drerr0r/url-shortner/internal/storage/mock_storage.go:32.48,34.3 1 1
github.com/drerr0r/url-shortner/internal/storage/mock_storage.go:36.2,37.12 2 1
github.com/drerr0r/url-shortner/internal/storage/mock_storage.go:42.101,44.13 2 1
github.com/drerr0r/url-shortner/internal/storage/mock_storage.go:44.13,46.3 1 1
github.com/drerr0r/url-shortner/internal/storage/mock_storage.go:47.2,47.17 1 1
github.com/drerr0r/url-shortner/internal/storage/mock_storage.go:52.80,55.29 1 1
github.com/drerr0r/url-shortner/internal/storage/mock_storage.go:55.29,56.19 1 1
github.com/drerr0r/url-shortner/internal/storage/mock_storage.go:56.19,59.4 2 1
github.com/drerr0r/url-shortner/internal/storage/mock_storage.go:61.2,61.20 1 1
github.com/drerr0r/url-shortner/internal/storage/mock_storage.go:66.100,68.13 2 1
github.com/drerr0r/url-shortner/internal/storage/mock_storage.go:68.13,70.3 1 1
github.com/drerr0r/url-shortner/internal/storage/mock_storage.go:73.2,78.8 1 1
github.com/drerr0r/url-shortner/internal/storage/mock_storage.go:83.37,85.2 1 1
github.com/drerr0r/url-shortner/internal/storage/postgers.go:22.63,25.16 2 0
github.com/drerr0r/url-shortner/internal/storage/postgers.go:25.16,27.3 1 0
github.com/drerr0r/url-shortner/internal/storage/postgers.go:30.2,30.34 1 0
github.com/drerr0r/url-shortner/internal/storage/postgers.go:30.34,32.3 1 0
github.com/drerr0r/url-shortner/internal/storage/postgers.go:33.2,33.38 1 0
github.com/drerr0r/url-shortner/internal/storage/postgers.go:37.81,52.16 3 0
github.com/drerr0r/url-shortner/internal/storage/postgers.go:52.16,54.3 1 0
github.com/drerr0r/url-shortner/internal/storage/postgers.go:55.2,55.12 1 0
github.com/drerr0r/url-shortner/internal/storage/postgers.go:59.105,65.16 4 0
github.com/drerr0r/url-shortner/internal/storage/postgers.go:65.16,66.27 1 0
github.com/drerr0r/url-shortner/internal/storage/postgers.go:66.27,68.4 1 0
github.com/drerr0r/url-shortner/internal/storage/postgers.go:69.3,69.55 1 0
github.com/drerr0r/url-shortner/internal/storage/postgers.go:71.2,71.18 1 0
github.com/drerr0r/url-shortner/internal/storage/postgers.go:75.84,79.16 3 0
github.com/drerr0r/url-shortner/internal/storage/postgers.go:79.16,81.3 1 0
github.com/drerr0r/url-shortner/internal/storage/postgers.go:83.2,84.16 2 0
github.com/drerr0r/url-shortner/internal/storage/postgers.go:84.16,86.3 1 0
github.com/drerr0r/url-shortner/internal/storage/postgers.go:88.2,88.23 1 0
github.com/drerr0r/url-shortner/internal/storage/postgers.go:88.23,90.3 1 0
github.com/drerr0r/url-shortner/internal/storage/postgers.go:91.2,91.12 1 0
github.com/drerr0r/url-shortner/internal/storage/postgers.go:95.104,105.16 4 0
github.com/drerr0r/url-shortner/internal/storage/postgers.go:105.16,106.27 1 0
github.com/drerr0r/url-shortner/internal/storage/postgers.go:106.27,108.4 1 0
github.com/drerr0r/url-shortner/internal/storage/postgers.go:109.3,109.61 1 0
github.com/drerr0r/url-shortner/internal/storage/postgers.go:111.2,111.20 1 0
github.com/drerr0r/url-shortner/internal/storage/postgers.go:115.41,117.2 1 0
